This file contains any messages produced by compilers while
running configure, to aid debugging if configure makes a mistake.

It was created by pi_brightness configure 0.0.1, which was
generated by GNU Autoconf 2.69.  Invocation command line was

  $ ./configure --enable-maintainer-mode

## --------- ##
## Platform. ##
## --------- ##

hostname = dev
uname -m = x86_64
uname -r = 4.9.45-21.pvops.qubes.x86_64
uname -s = Linux
uname -v = #1 SMP Tue Aug 29 14:21:02 UTC 2017

/usr/bin/uname -p = x86_64
/bin/uname -X     = unknown

/bin/arch              = x86_64
/usr/bin/arch -k       = unknown
/usr/convex/getsysinfo = unknown
/usr/bin/hostinfo      = unknown
/bin/machine           = unknown
/usr/bin/oslevel       = unknown
/bin/universe          = unknown

PATH: /usr/local/bin
PATH: /usr/bin
PATH: /home/user/bin
PATH: /usr/local/sbin
PATH: /usr/sbin
PATH: /home/user/bin/
PATH: /home/user/.fzf/bin
PATH: /home/user/bin
PATH: /home/user/bin/


## ----------- ##
## Core tests. ##
## ----------- ##

configure:2309: checking for a BSD-compatible install
configure:2377: result: /usr/bin/install -c
configure:2388: checking whether build environment is sane
configure:2443: result: yes
configure:2594: checking for a thread-safe mkdir -p
configure:2633: result: /usr/bin/mkdir -p
configure:2640: checking for gawk
configure:2656: found /usr/bin/gawk
configure:2667: result: gawk
configure:2678: checking whether gmake sets $(MAKE)
configure:2700: result: yes
configure:2729: checking whether gmake supports nested variables
configure:2746: result: yes
configure:2876: checking whether to enable maintainer-specific portions of Makefiles
configure:2885: result: yes
configure:2947: checking for gcc
configure:2963: found /usr/bin/gcc
configure:2974: result: gcc
configure:3203: checking for C compiler version
configure:3212: gcc --version >&5
gcc (GCC) 6.4.1 20170727 (Red Hat 6.4.1-1)
Copyright (C) 2017 Free Software Foundation, Inc.
This is free software; see the source for copying conditions.  There is NO
warranty; not even for MERCHANTABILITY or FITNESS FOR A PARTICULAR PURPOSE.

configure:3223: $? = 0
configure:3212: gcc -v >&5
Using built-in specs.
COLLECT_GCC=gcc
COLLECT_LTO_WRAPPER=/usr/libexec/gcc/x86_64-redhat-linux/6.4.1/lto-wrapper
Target: x86_64-redhat-linux
Configured with: ../configure --enable-bootstrap --enable-languages=c,c++,objc,obj-c++,fortran,ada,go,lto --prefix=/usr --mandir=/usr/share/man --infodir=/usr/share/info --with-bugurl=http://bugzilla.redhat.com/bugzilla --enable-shared --enable-threads=posix --enable-checking=release --enable-multilib --with-system-zlib --enable-__cxa_atexit --disable-libunwind-exceptions --enable-gnu-unique-object --enable-linker-build-id --with-linker-hash-style=gnu --enable-plugin --enable-initfini-array --disable-libgcj --with-isl --enable-libmpx --enable-gnu-indirect-function --with-tune=generic --with-arch_32=i686 --build=x86_64-redhat-linux
Thread model: posix
gcc version 6.4.1 20170727 (Red Hat 6.4.1-1) (GCC) 
configure:3223: $? = 0
configure:3212: gcc -V >&5
gcc: error: unrecognized command line option '-V'
gcc: fatal error: no input files
compilation terminated.
configure:3223: $? = 1
configure:3212: gcc -qversion >&5
gcc: error: unrecognized command line option '-qversion'; did you mean '--version'?
gcc: fatal error: no input files
compilation terminated.
configure:3223: $? = 1
configure:3243: checking whether the C compiler works
configure:3265: gcc    conftest.c  >&5
configure:3269: $? = 0
configure:3317: result: yes
configure:3320: checking for C compiler default output file name
configure:3322: result: a.out
configure:3328: checking for suffix of executables
configure:3335: gcc -o conftest    conftest.c  >&5
configure:3339: $? = 0
configure:3361: result: 
configure:3383: checking whether we are cross compiling
configure:3391: gcc -o conftest    conftest.c  >&5
configure:3395: $? = 0
configure:3402: ./conftest
configure:3406: $? = 0
configure:3421: result: no
configure:3426: checking for suffix of object files
configure:3448: gcc -c   conftest.c >&5
configure:3452: $? = 0
configure:3473: result: o
configure:3477: checking whether we are using the GNU C compiler
configure:3496: gcc -c   conftest.c >&5
configure:3496: $? = 0
configure:3505: result: yes
configure:3514: checking whether gcc accepts -g
configure:3534: gcc -c -g  conftest.c >&5
configure:3534: $? = 0
configure:3575: result: yes
configure:3592: checking for gcc option to accept ISO C89
configure:3655: gcc  -c -g -O2  conftest.c >&5
configure:3655: $? = 0
configure:3668: result: none needed
configure:3693: checking whether gcc understands -c and -o together
configure:3715: gcc -c conftest.c -o conftest2.o
configure:3718: $? = 0
configure:3715: gcc -c conftest.c -o conftest2.o
configure:3718: $? = 0
configure:3730: result: yes
configure:3758: checking for style of include used by gmake
configure:3786: result: GNU
configure:3812: checking dependency style of gcc
configure:3923: result: none
configure:3968: checking build system type
configure:3982: result: x86_64-unknown-linux-gnu
configure:4002: checking host system type
configure:4015: result: x86_64-unknown-linux-gnu
configure:4056: checking how to print strings
configure:4083: result: printf
configure:4104: checking for a sed that does not truncate output
configure:4168: result: /usr/bin/sed
configure:4186: checking for grep that handles long lines and -e
configure:4244: result: /usr/bin/grep
configure:4249: checking for egrep
configure:4311: result: /usr/bin/grep -E
configure:4316: checking for fgrep
configure:4378: result: /usr/bin/grep -F
configure:4413: checking for ld used by gcc
configure:4480: result: /usr/bin/ld
configure:4487: checking if the linker (/usr/bin/ld) is GNU ld
configure:4502: result: yes
configure:4514: checking for BSD- or MS-compatible name lister (nm)
configure:4568: result: /usr/bin/nm -B
configure:4698: checking the name lister (/usr/bin/nm -B) interface
configure:4705: gcc -c -g -O2  conftest.c >&5
configure:4708: /usr/bin/nm -B "conftest.o"
configure:4711: output
0000000000000000 B some_variable
configure:4718: result: BSD nm
configure:4721: checking whether ln -s works
configure:4725: result: yes
configure:4733: checking the maximum length of command line arguments
configure:4864: result: 1572864
configure:4912: checking how to convert x86_64-unknown-linux-gnu file names to x86_64-unknown-linux-gnu format
configure:4952: result: func_convert_file_noop
configure:4959: checking how to convert x86_64-unknown-linux-gnu file names to toolchain format
configure:4979: result: func_convert_file_noop
configure:4986: checking for /usr/bin/ld option to reload object files
configure:4993: result: -r
configure:5067: checking for objdump
configure:5083: found /usr/bin/objdump
configure:5094: result: objdump
configure:5126: checking how to recognize dependent libraries
configure:5326: result: pass_all
configure:5411: checking for dlltool
configure:5441: result: no
configure:5471: checking how to associate runtime and link libraries
configure:5498: result: printf %s\n
configure:5559: checking for ar
configure:5575: found /usr/bin/ar
configure:5586: result: ar
configure:5623: checking for archiver @FILE support
configure:5640: gcc -c -g -O2  conftest.c >&5
configure:5640: $? = 0
configure:5643: ar cru libconftest.a @conftest.lst >&5
configure:5646: $? = 0
configure:5651: ar cru libconftest.a @conftest.lst >&5
ar: conftest.o: No such file or directory
configure:5654: $? = 1
configure:5666: result: @
configure:5724: checking for strip
configure:5740: found /usr/bin/strip
configure:5751: result: strip
configure:5823: checking for ranlib
configure:5839: found /usr/bin/ranlib
configure:5850: result: ranlib
configure:5952: checking command to parse /usr/bin/nm -B output from gcc object
configure:6105: gcc -c -g -O2  conftest.c >&5
configure:6108: $? = 0
configure:6112: /usr/bin/nm -B conftest.o \| sed -n -e 's/^.*[ ]\([ABCDGIRSTW][ABCDGIRSTW]*\)[ ][ ]*\([_A-Za-z][_A-Za-z0-9]*\)$/\1 \2 \2/p' | sed '/ __gnu_lto/d' \> conftest.nm
configure:6115: $? = 0
configure:6181: gcc -o conftest -g -O2   conftest.c conftstm.o >&5
configure:6184: $? = 0
configure:6222: result: ok
configure:6269: checking for sysroot
configure:6299: result: no
configure:6306: checking for a working dd
configure:6344: result: /usr/bin/dd
configure:6348: checking how to truncate binary pipes
configure:6363: result: /usr/bin/dd bs=4096 count=1
configure:6499: gcc -c -g -O2  conftest.c >&5
configure:6502: $? = 0
configure:6692: checking for mt
configure:6722: result: no
configure:6742: checking if : is a manifest tool
configure:6748: : '-?'
configure:6756: result: no
configure:7433: checking how to run the C preprocessor
configure:7464: gcc -E  conftest.c
configure:7464: $? = 0
configure:7478: gcc -E  conftest.c
conftest.c:11:28: fatal error: ac_nonexistent.h: No such file or directory
 #include <ac_nonexistent.h>
                            ^
compilation terminated.
configure:7478: $? = 1
configure: failed program was:
| /* confdefs.h */
| #define PACKAGE_NAME "pi_brightness"
| #define PACKAGE_TARNAME "pi_brightness"
| #define PACKAGE_VERSION "0.0.1"
| #define PACKAGE_STRING "pi_brightness 0.0.1"
| #define PACKAGE_BUGREPORT "me@you.com"
| #define PACKAGE_URL ""
| #define PACKAGE "pi_brightness"
| #define VERSION "0.0.1"
| /* end confdefs.h.  */
| #include <ac_nonexistent.h>
configure:7503: result: gcc -E
configure:7523: gcc -E  conftest.c
configure:7523: $? = 0
configure:7537: gcc -E  conftest.c
conftest.c:11:28: fatal error: ac_nonexistent.h: No such file or directory
 #include <ac_nonexistent.h>
                            ^
compilation terminated.
configure:7537: $? = 1
configure: failed program was:
| /* confdefs.h */
| #define PACKAGE_NAME "pi_brightness"
| #define PACKAGE_TARNAME "pi_brightness"
| #define PACKAGE_VERSION "0.0.1"
| #define PACKAGE_STRING "pi_brightness 0.0.1"
| #define PACKAGE_BUGREPORT "me@you.com"
| #define PACKAGE_URL ""
| #define PACKAGE "pi_brightness"
| #define VERSION "0.0.1"
| /* end confdefs.h.  */
| #include <ac_nonexistent.h>
configure:7566: checking for ANSI C header files
configure:7586: gcc -c -g -O2  conftest.c >&5
configure:7586: $? = 0
configure:7659: gcc -o conftest -g -O2   conftest.c  >&5
configure:7659: $? = 0
configure:7659: ./conftest
configure:7659: $? = 0
configure:7670: result: yes
configure:7683: checking for sys/types.h
configure:7683: gcc -c -g -O2  conftest.c >&5
configure:7683: $? = 0
configure:7683: result: yes
configure:7683: checking for sys/stat.h
configure:7683: gcc -c -g -O2  conftest.c >&5
configure:7683: $? = 0
configure:7683: result: yes
configure:7683: checking for stdlib.h
configure:7683: gcc -c -g -O2  conftest.c >&5
configure:7683: $? = 0
configure:7683: result: yes
configure:7683: checking for string.h
configure:7683: gcc -c -g -O2  conftest.c >&5
configure:7683: $? = 0
configure:7683: result: yes
configure:7683: checking for memory.h
configure:7683: gcc -c -g -O2  conftest.c >&5
configure:7683: $? = 0
configure:7683: result: yes
configure:7683: checking for strings.h
configure:7683: gcc -c -g -O2  conftest.c >&5
configure:7683: $? = 0
configure:7683: result: yes
configure:7683: checking for inttypes.h
configure:7683: gcc -c -g -O2  conftest.c >&5
configure:7683: $? = 0
configure:7683: result: yes
configure:7683: checking for stdint.h
configure:7683: gcc -c -g -O2  conftest.c >&5
configure:7683: $? = 0
configure:7683: result: yes
configure:7683: checking for unistd.h
configure:7683: gcc -c -g -O2  conftest.c >&5
configure:7683: $? = 0
configure:7683: result: yes
configure:7697: checking for dlfcn.h
configure:7697: gcc -c -g -O2  conftest.c >&5
configure:7697: $? = 0
configure:7697: result: yes
configure:7953: checking for objdir
configure:7968: result: .libs
configure:8228: checking if gcc supports -fno-rtti -fno-exceptions
configure:8246: gcc -c -g -O2  -fno-rtti -fno-exceptions conftest.c >&5
cc1: warning: command line option '-fno-rtti' is valid for C++/ObjC++ but not for C
configure:8250: $? = 0
configure:8263: result: no
configure:8621: checking for gcc option to produce PIC
configure:8628: result: -fPIC -DPIC
configure:8636: checking if gcc PIC flag -fPIC -DPIC works
configure:8654: gcc -c -g -O2  -fPIC -DPIC -DPIC conftest.c >&5
configure:8658: $? = 0
configure:8671: result: yes
configure:8700: checking if gcc static flag -static works
configure:8728: result: no
configure:8743: checking if gcc supports -c -o file.o
configure:8764: gcc -c -g -O2  -o out/conftest2.o conftest.c >&5
configure:8768: $? = 0
configure:8790: result: yes
configure:8798: checking if gcc supports -c -o file.o
configure:8845: result: yes
configure:8878: checking whether the gcc linker (/usr/bin/ld -m elf_x86_64) supports shared libraries
configure:10137: result: yes
configure:10174: checking whether -lc should be explicitly linked in
configure:10182: gcc -c -g -O2  conftest.c >&5
configure:10185: $? = 0
configure:10200: gcc -shared  -fPIC -DPIC conftest.o  -v -Wl,-soname -Wl,conftest -o conftest 2\>\&1 \| /usr/bin/grep  -lc  \>/dev/null 2\>\&1
configure:10203: $? = 0
configure:10217: result: no
configure:10377: checking dynamic linker characteristics
configure:10958: gcc -o conftest -g -O2   -Wl,-rpath -Wl,/foo conftest.c  >&5
configure:10958: $? = 0
configure:11198: result: GNU/Linux ld.so
configure:11320: checking how to hardcode library paths into programs
configure:11345: result: immediate
configure:11893: checking whether stripping libraries is possible
configure:11898: result: yes
configure:11933: checking if libtool supports shared libraries
configure:11935: result: yes
configure:11938: checking whether to build shared libraries
configure:11963: result: yes
configure:11966: checking whether to build static libraries
configure:11970: result: yes
configure:12021: checking locale.h usability
configure:12021: gcc -c -g -O2  conftest.c >&5
configure:12021: $? = 0
configure:12021: result: yes
configure:12021: checking locale.h presence
configure:12021: gcc -E  conftest.c
configure:12021: $? = 0
configure:12021: result: yes
configure:12021: checking for locale.h
configure:12021: result: yes
configure:12032: checking for LC_MESSAGES
configure:12048: gcc -o conftest -g -O2   conftest.c  >&5
configure:12048: $? = 0
configure:12056: result: yes
configure:12073: checking libintl.h usability
configure:12073: gcc -c -g -O2  conftest.c >&5
configure:12073: $? = 0
configure:12073: result: yes
configure:12073: checking libintl.h presence
configure:12073: gcc -E  conftest.c
configure:12073: $? = 0
configure:12073: result: yes
configure:12073: checking for libintl.h
configure:12073: result: yes
configure:12081: checking for ngettext in libc
configure:12099: gcc -o conftest -g -O2   conftest.c  >&5
configure:12099: $? = 0
configure:12108: result: yes
configure:12112: checking for dgettext in libc
configure:12130: gcc -o conftest -g -O2   conftest.c  >&5
configure:12130: $? = 0
configure:12139: result: yes
configure:12146: checking for bind_textdomain_codeset
configure:12146: gcc -o conftest -g -O2   conftest.c  >&5
configure:12146: $? = 0
configure:12146: result: yes
configure:12422: checking for msgfmt
configure:12449: result: /usr/bin/msgfmt
configure:12460: checking for dcgettext
configure:12460: gcc -o conftest -g -O2   conftest.c   >&5
conftest.c:51:6: warning: conflicting types for built-in function 'dcgettext'
 char dcgettext ();
      ^~~~~~~~~
configure:12460: $? = 0
configure:12460: result: yes
configure:12470: checking if msgfmt accepts -c
configure:12485: $MSGFMT -c -o /dev/null conftest.foo
conftest.foo:3: warning: header field 'Language' missing in header
configure:12488: $? = 0
configure:12490: result: yes
configure:12500: checking for gmsgfmt
configure:12531: result: /usr/bin/msgfmt
configure:12541: checking for xgettext
configure:12568: result: /usr/bin/xgettext
configure:12587: gcc -o conftest -g -O2   conftest.c   >&5
configure:12587: $? = 0
configure:12669: checking for catalogs to be installed
configure:12694: result:  de
configure:12727: checking for bind_textdomain_codeset
configure:12727: result: yes
configure:12733: checking for locales directory
configure:12749: result: ${datarootdir}/locale
configure:12753: checking for additional xgettext flags
configure:12761: result: --keyword=Q_ --from-code=UTF-8
configure:12825: checking for pkg-config
configure:12843: found /usr/bin/pkg-config
configure:12855: result: /usr/bin/pkg-config
configure:12880: checking pkg-config is at least version 0.9.0
configure:12883: result: yes
configure:12905: checking for libxfce4panel-1.0 >= 4.3.99.2
configure:12909: result: 4.12.0
configure:12912: checking LIBXFCE4PANEL_CFLAGS
configure:12915: result: -pthread -I/usr/include/xfce4/libxfce4panel-1.0 -I/usr/include/gtk-2.0 -I/usr/lib64/gtk-2.0/include -I/usr/include/pango-1.0 -I/usr/include/atk-1.0 -I/usr/include/cairo -I/usr/include/pixman-1 -I/usr/include/libdrm -I/usr/include/gdk-pixbuf-2.0 -I/usr/include/libpng16 -I/usr/include/pango-1.0 -I/usr/include/harfbuzz -I/usr/include/pango-1.0 -I/usr/include/freetype2 -I/usr/include/libpng16 -I/usr/include/freetype2 -I/usr/include/libpng16 -I/usr/include/xfce4 -I/usr/include/glib-2.0 -I/usr/lib64/glib-2.0/include
configure:12918: checking LIBXFCE4PANEL_LIBS
configure:12921: result: -lxfce4panel-1.0 -lgtk-x11-2.0 -lgdk-x11-2.0 -lpangocairo-1.0 -latk-1.0 -lcairo -lgdk_pixbuf-2.0 -lgio-2.0 -lpangoft2-1.0 -lpango-1.0 -lgobject-2.0 -lfontconfig -lfreetype -Wl,--export-dynamic -lgmodule-2.0 -pthread -lxfce4util -lglib-2.0
configure:13020: checking for pkg-config
configure:13050: result: /usr/bin/pkg-config
configure:13075: checking pkg-config is at least version 0.9.0
configure:13078: result: yes
configure:13100: checking for gtk+-3.0 >= 3.0
configure:13104: result: 3.22.17
configure:13107: checking GTK_CFLAGS
configure:13110: result: -pthread -I/usr/include/gtk-3.0 -I/usr/include/at-spi2-atk/2.0 -I/usr/include/at-spi-2.0 -I/usr/include/dbus-1.0 -I/usr/lib64/dbus-1.0/include -I/usr/include/gtk-3.0 -I/usr/include/gio-unix-2.0/ -I/usr/include/cairo -I/usr/include/pango-1.0 -I/usr/include/harfbuzz -I/usr/include/pango-1.0 -I/usr/include/atk-1.0 -I/usr/include/cairo -I/usr/include/pixman-1 -I/usr/include/freetype2 -I/usr/include/libpng16 -I/usr/include/freetype2 -I/usr/include/libdrm -I/usr/include/libpng16 -I/usr/include/gdk-pixbuf-2.0 -I/usr/include/libpng16 -I/usr/include/glib-2.0 -I/usr/lib64/glib-2.0/include
configure:13113: checking GTK_LIBS
configure:13116: result: -lgtk-3 -lgdk-3 -lpangocairo-1.0 -lpango-1.0 -latk-1.0 -lcairo-gobject -lcairo -lgdk_pixbuf-2.0 -lgio-2.0 -lgobject-2.0 -lglib-2.0
configure:13266: checking that generated files are newer than configure
configure:13272: result: done
configure:13299: creating ./config.status

## ---------------------- ##
## Running config.status. ##
## ---------------------- ##

This file was extended by pi_brightness config.status 0.0.1, which was
generated by GNU Autoconf 2.69.  Invocation command line was

  CONFIG_FILES    = 
  CONFIG_HEADERS  = 
  CONFIG_LINKS    = 
  CONFIG_COMMANDS = 
  $ ./config.status 

on dev

config.status:1133: creating Makefile
config.status:1133: creating panel-plugin/Makefile
config.status:1133: creating po/Makefile.in
config.status:1133: creating config.h
config.status:1314: config.h is unchanged
config.status:1362: executing depfiles commands
config.status:1362: executing libtool commands
config.status:1362: executing default-1 commands

## ---------------- ##
## Cache variables. ##
## ---------------- ##

ac_cv_build=x86_64-unknown-linux-gnu
ac_cv_c_compiler_gnu=yes
ac_cv_env_CC_set=
ac_cv_env_CC_value=
ac_cv_env_CFLAGS_set=
ac_cv_env_CFLAGS_value=
ac_cv_env_CPPFLAGS_set=
ac_cv_env_CPPFLAGS_value=
ac_cv_env_CPP_set=
ac_cv_env_CPP_value=
ac_cv_env_LDFLAGS_set=
ac_cv_env_LDFLAGS_value=
ac_cv_env_LIBS_set=
ac_cv_env_LIBS_value=
ac_cv_env_LT_SYS_LIBRARY_PATH_set=
ac_cv_env_LT_SYS_LIBRARY_PATH_value=
ac_cv_env_PKG_CONFIG_LIBDIR_set=
ac_cv_env_PKG_CONFIG_LIBDIR_value=
ac_cv_env_PKG_CONFIG_PATH_set=
ac_cv_env_PKG_CONFIG_PATH_value=
ac_cv_env_PKG_CONFIG_set=
ac_cv_env_PKG_CONFIG_value=
ac_cv_env_build_alias_set=
ac_cv_env_build_alias_value=
ac_cv_env_host_alias_set=
ac_cv_env_host_alias_value=
ac_cv_env_target_alias_set=
ac_cv_env_target_alias_value=
ac_cv_func_bind_textdomain_codeset=yes
ac_cv_func_dcgettext=yes
ac_cv_header_dlfcn_h=yes
ac_cv_header_inttypes_h=yes
ac_cv_header_libintl_h=yes
ac_cv_header_locale_h=yes
ac_cv_header_memory_h=yes
ac_cv_header_stdc=yes
ac_cv_header_stdint_h=yes
ac_cv_header_stdlib_h=yes
ac_cv_header_string_h=yes
ac_cv_header_strings_h=yes
ac_cv_header_sys_stat_h=yes
ac_cv_header_sys_types_h=yes
ac_cv_header_unistd_h=yes
ac_cv_host=x86_64-unknown-linux-gnu
ac_cv_objext=o
ac_cv_path_EGREP='/usr/bin/grep -E'
ac_cv_path_FGREP='/usr/bin/grep -F'
ac_cv_path_GMSGFMT=/usr/bin/msgfmt
ac_cv_path_GREP=/usr/bin/grep
ac_cv_path_MSGFMT=/usr/bin/msgfmt
ac_cv_path_SED=/usr/bin/sed
ac_cv_path_XGETTEXT=/usr/bin/xgettext
ac_cv_path_ac_pt_PKG_CONFIG=/usr/bin/pkg-config
ac_cv_path_install='/usr/bin/install -c'
ac_cv_path_lt_DD=/usr/bin/dd
ac_cv_path_mkdir=/usr/bin/mkdir
ac_cv_prog_AWK=gawk
ac_cv_prog_CPP='gcc -E'
ac_cv_prog_ac_ct_AR=ar
ac_cv_prog_ac_ct_CC=gcc
ac_cv_prog_ac_ct_OBJDUMP=objdump
ac_cv_prog_ac_ct_RANLIB=ranlib
ac_cv_prog_ac_ct_STRIP=strip
ac_cv_prog_cc_c89=
ac_cv_prog_cc_g=yes
ac_cv_prog_make_gmake_set=yes
am_cv_CC_dependencies_compiler_type=none
am_cv_make_support_nested_variables=yes
am_cv_prog_cc_c_o=yes
am_cv_val_LC_MESSAGES=yes
gt_cv_func_dgettext_libc=yes
gt_cv_func_dgettext_libintl=no
gt_cv_func_ngettext_libc=yes
gt_cv_have_gettext=yes
lt_cv_ar_at_file=@
lt_cv_archive_cmds_need_lc=no
lt_cv_deplibs_check_method=pass_all
lt_cv_file_magic_cmd='$MAGIC_CMD'
lt_cv_file_magic_test_file=
lt_cv_ld_reload_flag=-r
lt_cv_nm_interface='BSD nm'
lt_cv_objdir=.libs
lt_cv_path_LD=/usr/bin/ld
lt_cv_path_NM='/usr/bin/nm -B'
lt_cv_path_mainfest_tool=no
lt_cv_prog_compiler_c_o=yes
lt_cv_prog_compiler_pic='-fPIC -DPIC'
lt_cv_prog_compiler_pic_works=yes
lt_cv_prog_compiler_rtti_exceptions=no
lt_cv_prog_compiler_static_works=no
lt_cv_prog_gnu_ld=yes
lt_cv_sharedlib_from_linklib_cmd='printf %s\n'
lt_cv_shlibpath_overrides_runpath=no
lt_cv_sys_global_symbol_pipe='sed -n -e '\''s/^.*[	 ]\([ABCDGIRSTW][ABCDGIRSTW]*\)[	 ][	 ]*\([_A-Za-z][_A-Za-z0-9]*\)$/\1 \2 \2/p'\'' | sed '\''/ __gnu_lto/d'\'''
lt_cv_sys_global_symbol_to_c_name_address='sed -n -e '\''s/^: \(.*\) .*$/  {"\1", (void *) 0},/p'\'' -e '\''s/^[ABCDGIRSTW][ABCDGIRSTW]* .* \(.*\)$/  {"\1", (void *) \&\1},/p'\'''
lt_cv_sys_global_symbol_to_c_name_address_lib_prefix='sed -n -e '\''s/^: \(.*\) .*$/  {"\1", (void *) 0},/p'\'' -e '\''s/^[ABCDGIRSTW][ABCDGIRSTW]* .* \(lib.*\)$/  {"\1", (void *) \&\1},/p'\'' -e '\''s/^[ABCDGIRSTW][ABCDGIRSTW]* .* \(.*\)$/  {"lib\1", (void *) \&\1},/p'\'''
lt_cv_sys_global_symbol_to_cdecl='sed -n -e '\''s/^T .* \(.*\)$/extern int \1();/p'\'' -e '\''s/^[ABCDGIRSTW][ABCDGIRSTW]* .* \(.*\)$/extern char \1;/p'\'''
lt_cv_sys_global_symbol_to_import=
lt_cv_sys_max_cmd_len=1572864
lt_cv_to_host_file_cmd=func_convert_file_noop
lt_cv_to_tool_file_cmd=func_convert_file_noop
lt_cv_truncate_bin='/usr/bin/dd bs=4096 count=1'
xdt_cv_PKG_CONFIG_MIN_VERSION=0.9.0

## ----------------- ##
## Output variables. ##
## ----------------- ##

ACLOCAL='${SHELL} /home/user/pi/xfce4-pi-brightness-panel-plugin/missing aclocal-1.15'
AMDEPBACKSLASH='\'
AMDEP_FALSE='#'
AMDEP_TRUE=''
AMTAR='$${TAR-tar}'
AM_BACKSLASH='\'
AM_DEFAULT_V='$(AM_DEFAULT_VERBOSITY)'
AM_DEFAULT_VERBOSITY='1'
AM_V='$(V)'
AR='ar'
AUTOCONF='${SHELL} /home/user/pi/xfce4-pi-brightness-panel-plugin/missing autoconf'
AUTOHEADER='${SHELL} /home/user/pi/xfce4-pi-brightness-panel-plugin/missing autoheader'
AUTOMAKE='${SHELL} /home/user/pi/xfce4-pi-brightness-panel-plugin/missing automake-1.15'
AWK='gawk'
CATALOGS=' de.gmo'
CATOBJEXT='.gmo'
CC='gcc'
CCDEPMODE='depmode=none'
CFLAGS='-g -O2'
CPP='gcc -E'
CPPFLAGS=''
CYGPATH_W='echo'
DATADIRNAME='share'
DEFS='-DHAVE_CONFIG_H'
DEPDIR='.deps'
DLLTOOL='false'
DSYMUTIL=''
DUMPBIN=''
ECHO_C=''
ECHO_N='-n'
ECHO_T=''
EGREP='/usr/bin/grep -E'
EXEEXT=''
FGREP='/usr/bin/grep -F'
GETTEXT_PACKAGE='pi_brightness'
GMOFILES=' de.gmo'
GMSGFMT='/usr/bin/msgfmt'
GREP='/usr/bin/grep'
GTK_CFLAGS='-pthread -I/usr/include/gtk-3.0 -I/usr/include/at-spi2-atk/2.0 -I/usr/include/at-spi-2.0 -I/usr/include/dbus-1.0 -I/usr/lib64/dbus-1.0/include -I/usr/include/gtk-3.0 -I/usr/include/gio-unix-2.0/ -I/usr/include/cairo -I/usr/include/pango-1.0 -I/usr/include/harfbuzz -I/usr/include/pango-1.0 -I/usr/include/atk-1.0 -I/usr/include/cairo -I/usr/include/pixman-1 -I/usr/include/freetype2 -I/usr/include/libpng16 -I/usr/include/freetype2 -I/usr/include/libdrm -I/usr/include/libpng16 -I/usr/include/gdk-pixbuf-2.0 -I/usr/include/libpng16 -I/usr/include/glib-2.0 -I/usr/lib64/glib-2.0/include'
GTK_LIBS='-lgtk-3 -lgdk-3 -lpangocairo-1.0 -lpango-1.0 -latk-1.0 -lcairo-gobject -lcairo -lgdk_pixbuf-2.0 -lgio-2.0 -lgobject-2.0 -lglib-2.0'
GTK_REQUIRED_VERSION='3.0'
GTK_VERSION='3.22.17'
INSTALL_DATA='${INSTALL} -m 644'
INSTALL_PROGRAM='${INSTALL}'
INSTALL_SCRIPT='${INSTALL}'
INSTALL_STRIP_PROGRAM='$(install_sh) -c -s'
INSTOBJEXT='.mo'
INTLLIBS=''
LD='/usr/bin/ld -m elf_x86_64'
LDFLAGS=''
LIBOBJS=''
LIBS=''
LIBTOOL='$(SHELL) $(top_builddir)/libtool'
LIBXFCE4PANEL_CFLAGS='-pthread -I/usr/include/xfce4/libxfce4panel-1.0 -I/usr/include/gtk-2.0 -I/usr/lib64/gtk-2.0/include -I/usr/include/pango-1.0 -I/usr/include/atk-1.0 -I/usr/include/cairo -I/usr/include/pixman-1 -I/usr/include/libdrm -I/usr/include/gdk-pixbuf-2.0 -I/usr/include/libpng16 -I/usr/include/pango-1.0 -I/usr/include/harfbuzz -I/usr/include/pango-1.0 -I/usr/include/freetype2 -I/usr/include/libpng16 -I/usr/include/freetype2 -I/usr/include/libpng16 -I/usr/include/xfce4 -I/usr/include/glib-2.0 -I/usr/lib64/glib-2.0/include'
LIBXFCE4PANEL_LIBS='-lxfce4panel-1.0 -lgtk-x11-2.0 -lgdk-x11-2.0 -lpangocairo-1.0 -latk-1.0 -lcairo -lgdk_pixbuf-2.0 -lgio-2.0 -lpangoft2-1.0 -lpango-1.0 -lgobject-2.0 -lfontconfig -lfreetype -Wl,--export-dynamic -lgmodule-2.0 -pthread -lxfce4util -lglib-2.0'
LIBXFCE4PANEL_REQUIRED_VERSION='4.3.99.2'
LIBXFCE4PANEL_VERSION='4.12.0'
LIPO=''
LN_S='ln -s'
LTLIBOBJS=''
LT_SYS_LIBRARY_PATH=''
MAINT=''
MAINTAINER_MODE_FALSE='#'
MAINTAINER_MODE_TRUE=''
MAKEINFO='${SHELL} /home/user/pi/xfce4-pi-brightness-panel-plugin/missing makeinfo'
MANIFEST_TOOL=':'
MKDIR_P='/usr/bin/mkdir -p'
MKINSTALLDIRS='./mkinstalldirs'
MSGFMT='/usr/bin/msgfmt'
MSGFMT_OPTS='-c'
NM='/usr/bin/nm -B'
NMEDIT=''
OBJDUMP='objdump'
OBJEXT='o'
OTOOL64=''
OTOOL=''
PACKAGE='pi_brightness'
PACKAGE_BUGREPORT='me@you.com'
PACKAGE_NAME='pi_brightness'
PACKAGE_STRING='pi_brightness 0.0.1'
PACKAGE_TARNAME='pi_brightness'
PACKAGE_URL=''
PACKAGE_VERSION='0.0.1'
PATH_SEPARATOR=':'
PKG_CONFIG='/usr/bin/pkg-config'
PKG_CONFIG_LIBDIR=''
PKG_CONFIG_PATH=''
POFILES=' de.po'
POSUB='po'
PO_IN_DATADIR_FALSE=''
PO_IN_DATADIR_TRUE=''
RANLIB='ranlib'
SED='/usr/bin/sed'
SET_MAKE=''
SHELL='/bin/sh'
STRIP='strip'
USE_NLS='yes'
VERSION='0.0.1'
XGETTEXT='/usr/bin/xgettext'
XGETTEXT_ARGS='--keyword=Q_ --from-code=UTF-8'
ac_ct_AR='ar'
ac_ct_CC='gcc'
ac_ct_DUMPBIN=''
am__EXEEXT_FALSE=''
am__EXEEXT_TRUE='#'
am__fastdepCC_FALSE=''
am__fastdepCC_TRUE='#'
am__include='include'
am__isrc=''
am__leading_dot='.'
am__nodep='_no'
am__quote=''
am__tar='$${TAR-tar} chof - "$$tardir"'
am__untar='$${TAR-tar} xf -'
bindir='${exec_prefix}/bin'
build='x86_64-unknown-linux-gnu'
build_alias=''
build_cpu='x86_64'
build_os='linux-gnu'
build_vendor='unknown'
datadir='${datarootdir}'
datarootdir='${prefix}/share'
docdir='${datarootdir}/doc/${PACKAGE_TARNAME}'
dvidir='${docdir}'
exec_prefix='${prefix}'
host='x86_64-unknown-linux-gnu'
host_alias=''
host_cpu='x86_64'
host_os='linux-gnu'
host_vendor='unknown'
htmldir='${docdir}'
includedir='${prefix}/include'
infodir='${datarootdir}/info'
install_sh='${SHELL} /home/user/pi/xfce4-pi-brightness-panel-plugin/install-sh'
libdir='${exec_prefix}/lib'
libexecdir='${exec_prefix}/libexec'
localedir='${datarootdir}/locale'
localstatedir='${prefix}/var'
mandir='${datarootdir}/man'
mkdir_p='$(MKDIR_P)'
oldincludedir='/usr/include'
pdfdir='${docdir}'
prefix='/usr/local'
program_transform_name='s,x,x,'
psdir='${docdir}'
sbindir='${exec_prefix}/sbin'
sharedstatedir='${prefix}/com'
sysconfdir='${prefix}/etc'
target_alias=''

## ----------- ##
## confdefs.h. ##
## ----------- ##

/* confdefs.h */
#define PACKAGE_NAME "pi_brightness"
#define PACKAGE_TARNAME "pi_brightness"
#define PACKAGE_VERSION "0.0.1"
#define PACKAGE_STRING "pi_brightness 0.0.1"
#define PACKAGE_BUGREPORT "me@you.com"
#define PACKAGE_URL ""
#define PACKAGE "pi_brightness"
#define VERSION "0.0.1"
#define STDC_HEADERS 1
#define HAVE_SYS_TYPES_H 1
#define HAVE_SYS_STAT_H 1
#define HAVE_STDLIB_H 1
#define HAVE_STRING_H 1
#define HAVE_MEMORY_H 1
#define HAVE_STRINGS_H 1
#define HAVE_INTTYPES_H 1
#define HAVE_STDINT_H 1
#define HAVE_UNISTD_H 1
#define HAVE_DLFCN_H 1
#define LT_OBJDIR ".libs/"
#define GETTEXT_PACKAGE "pi_brightness"
#define HAVE_LOCALE_H 1
#define HAVE_LC_MESSAGES 1
#define HAVE_BIND_TEXTDOMAIN_CODESET 1
#define HAVE_GETTEXT 1
#define HAVE_DCGETTEXT 1
#define ENABLE_NLS 1

configure: exit 0
